CRITICAL - 2021-09-16 04:15:29 --> Invalid file: home.php
#0 C:\xampp\htdocs\prakweblanjut\vendor\codeigniter4\framework\system\View\View.php(213): CodeIgniter\Exceptions\FrameworkException::forInvalidFile('home.php')
#1 C:\xampp\htdocs\prakweblanjut\vendor\codeigniter4\framework\system\Common.php(1271): CodeIgniter\View\View->render('home', Array, true)
#2 C:\xampp\htdocs\prakweblanjut\app\Controllers\PostController.php(9): view('home')
#3 C:\xampp\htdocs\prakweblanjut\vendor\codeigniter4\framework\system\CodeIgniter.php(928): App\Controllers\PostController->index()
#4 C:\xampp\htdocs\prakweblanjut\vendor\codeigniter4\framework\system\CodeIgniter.php(436): CodeIgniter\CodeIgniter->runController(Object(App\Controllers\PostController))
#5 C:\xampp\htdocs\prakweblanjut\vendor\codeigniter4\framework\system\CodeIgniter.php(336): CodeIgniter\CodeIgniter->handleRequest(NULL, Object(Config\Cache), false)
#6 C:\xampp\htdocs\prakweblanjut\public\index.php(37): CodeIgniter\CodeIgniter->run()
#7 C:\xampp\htdocs\prakweblanjut\vendor\codeigniter4\framework\system\Commands\Server\rewrite.php(45): require_once('C:\\xampp\\htdocs...')
#8 {main}
CRITICAL - 2021-09-16 04:18:23 --> Invalid file: posts.php
#0 C:\xampp\htdocs\prakweblanjut\vendor\codeigniter4\framework\system\View\View.php(213): CodeIgniter\Exceptions\FrameworkException::forInvalidFile('posts.php')
#1 C:\xampp\htdocs\prakweblanjut\vendor\codeigniter4\framework\system\Common.php(1271): CodeIgniter\View\View->render('posts', Array, true)
#2 C:\xampp\htdocs\prakweblanjut\app\Controllers\PostController.php(9): view('posts')
#3 C:\xampp\htdocs\prakweblanjut\vendor\codeigniter4\framework\system\CodeIgniter.php(928): App\Controllers\PostController->index()
#4 C:\xampp\htdocs\prakweblanjut\vendor\codeigniter4\framework\system\CodeIgniter.php(436): CodeIgniter\CodeIgniter->runController(Object(App\Controllers\PostController))
#5 C:\xampp\htdocs\prakweblanjut\vendor\codeigniter4\framework\system\CodeIgniter.php(336): CodeIgniter\CodeIgniter->handleRequest(NULL, Object(Config\Cache), false)
#6 C:\xampp\htdocs\prakweblanjut\public\index.php(37): CodeIgniter\CodeIgniter->run()
#7 C:\xampp\htdocs\prakweblanjut\vendor\codeigniter4\framework\system\Commands\Server\rewrite.php(45): require_once('C:\\xampp\\htdocs...')
#8 {main}
CRITICAL - 2021-09-16 04:18:47 --> Invalid file: posts.php
#0 C:\xampp\htdocs\prakweblanjut\vendor\codeigniter4\framework\system\View\View.php(213): CodeIgniter\Exceptions\FrameworkException::forInvalidFile('posts.php')
#1 C:\xampp\htdocs\prakweblanjut\vendor\codeigniter4\framework\system\Common.php(1271): CodeIgniter\View\View->render('posts', Array, true)
#2 C:\xampp\htdocs\prakweblanjut\app\Controllers\PostController.php(9): view('posts')
#3 C:\xampp\htdocs\prakweblanjut\vendor\codeigniter4\framework\system\CodeIgniter.php(928): App\Controllers\PostController->index()
#4 C:\xampp\htdocs\prakweblanjut\vendor\codeigniter4\framework\system\CodeIgniter.php(436): CodeIgniter\CodeIgniter->runController(Object(App\Controllers\PostController))
#5 C:\xampp\htdocs\prakweblanjut\vendor\codeigniter4\framework\system\CodeIgniter.php(336): CodeIgniter\CodeIgniter->handleRequest(NULL, Object(Config\Cache), false)
#6 C:\xampp\htdocs\prakweblanjut\public\index.php(37): CodeIgniter\CodeIgniter->run()
#7 C:\xampp\htdocs\prakweblanjut\vendor\codeigniter4\framework\system\Commands\Server\rewrite.php(45): require_once('C:\\xampp\\htdocs...')
#8 {main}
CRITICAL - 2021-09-16 04:29:52 --> Invalid file: navbar.php
#0 C:\xampp\htdocs\prakweblanjut\vendor\codeigniter4\framework\system\View\View.php(213): CodeIgniter\Exceptions\FrameworkException::forInvalidFile('navbar.php')
#1 C:\xampp\htdocs\prakweblanjut\vendor\codeigniter4\framework\system\Common.php(1271): CodeIgniter\View\View->render('navbar', Array, true)
#2 C:\xampp\htdocs\prakweblanjut\app\Controllers\PostController.php(22): view('navbar')
#3 C:\xampp\htdocs\prakweblanjut\vendor\codeigniter4\framework\system\CodeIgniter.php(928): App\Controllers\PostController->navbar()
#4 C:\xampp\htdocs\prakweblanjut\vendor\codeigniter4\framework\system\CodeIgniter.php(436): CodeIgniter\CodeIgniter->runController(Object(App\Controllers\PostController))
#5 C:\xampp\htdocs\prakweblanjut\vendor\codeigniter4\framework\system\CodeIgniter.php(336): CodeIgniter\CodeIgniter->handleRequest(NULL, Object(Config\Cache), false)
#6 C:\xampp\htdocs\prakweblanjut\public\index.php(37): CodeIgniter\CodeIgniter->run()
#7 C:\xampp\htdocs\prakweblanjut\vendor\codeigniter4\framework\system\Commands\Server\rewrite.php(45): require_once('C:\\xampp\\htdocs...')
#8 {main}
CRITICAL - 2021-09-16 05:12:46 --> Invalid file: Layout/header.php
#0 C:\xampp\htdocs\prakweblanjut\vendor\codeigniter4\framework\system\View\View.php(213): CodeIgniter\Exceptions\FrameworkException::forInvalidFile('Layout/header.p...')
#1 C:\xampp\htdocs\prakweblanjut\vendor\codeigniter4\framework\system\Common.php(1271): CodeIgniter\View\View->render('Layout/header', Array, true)
#2 C:\xampp\htdocs\prakweblanjut\app\Controllers\PostController.php(13): view('Layout/header')
#3 C:\xampp\htdocs\prakweblanjut\vendor\codeigniter4\framework\system\CodeIgniter.php(928): App\Controllers\PostController->about()
#4 C:\xampp\htdocs\prakweblanjut\vendor\codeigniter4\framework\system\CodeIgniter.php(436): CodeIgniter\CodeIgniter->runController(Object(App\Controllers\PostController))
#5 C:\xampp\htdocs\prakweblanjut\vendor\codeigniter4\framework\system\CodeIgniter.php(336): CodeIgniter\CodeIgniter->handleRequest(NULL, Object(Config\Cache), false)
#6 C:\xampp\htdocs\prakweblanjut\public\index.php(37): CodeIgniter\CodeIgniter->run()
#7 C:\xampp\htdocs\prakweblanjut\vendor\codeigniter4\framework\system\Commands\Server\rewrite.php(45): require_once('C:\\xampp\\htdocs...')
#8 {main}
CRITICAL - 2021-09-16 05:13:42 --> Invalid file: about.php
#0 C:\xampp\htdocs\prakweblanjut\vendor\codeigniter4\framework\system\View\View.php(213): CodeIgniter\Exceptions\FrameworkException::forInvalidFile('about.php')
#1 C:\xampp\htdocs\prakweblanjut\vendor\codeigniter4\framework\system\Common.php(1271): CodeIgniter\View\View->render('about', Array, true)
#2 C:\xampp\htdocs\prakweblanjut\app\Controllers\PostController.php(14): view('about')
#3 C:\xampp\htdocs\prakweblanjut\vendor\codeigniter4\framework\system\CodeIgniter.php(928): App\Controllers\PostController->about()
#4 C:\xampp\htdocs\prakweblanjut\vendor\codeigniter4\framework\system\CodeIgniter.php(436): CodeIgniter\CodeIgniter->runController(Object(App\Controllers\PostController))
#5 C:\xampp\htdocs\prakweblanjut\vendor\codeigniter4\framework\system\CodeIgniter.php(336): CodeIgniter\CodeIgniter->handleRequest(NULL, Object(Config\Cache), false)
#6 C:\xampp\htdocs\prakweblanjut\public\index.php(37): CodeIgniter\CodeIgniter->run()
#7 C:\xampp\htdocs\prakweblanjut\vendor\codeigniter4\framework\system\Commands\Server\rewrite.php(45): require_once('C:\\xampp\\htdocs...')
#8 {main}
CRITICAL - 2021-09-16 06:34:15 --> Invalid file: Layout/header.php
#0 C:\xampp\htdocs\prakweblanjut\vendor\codeigniter4\framework\system\View\View.php(213): CodeIgniter\Exceptions\FrameworkException::forInvalidFile('Layout/header.p...')
#1 C:\xampp\htdocs\prakweblanjut\vendor\codeigniter4\framework\system\Common.php(1271): CodeIgniter\View\View->render('Layout/header', Array, true)
#2 C:\xampp\htdocs\prakweblanjut\app\Controllers\PostController.php(11): view('Layout/header')
#3 C:\xampp\htdocs\prakweblanjut\vendor\codeigniter4\framework\system\CodeIgniter.php(928): App\Controllers\PostController->index()
#4 C:\xampp\htdocs\prakweblanjut\vendor\codeigniter4\framework\system\CodeIgniter.php(436): CodeIgniter\CodeIgniter->runController(Object(App\Controllers\PostController))
#5 C:\xampp\htdocs\prakweblanjut\vendor\codeigniter4\framework\system\CodeIgniter.php(336): CodeIgniter\CodeIgniter->handleRequest(NULL, Object(Config\Cache), false)
#6 C:\xampp\htdocs\prakweblanjut\public\index.php(37): CodeIgniter\CodeIgniter->run()
#7 C:\xampp\htdocs\prakweblanjut\vendor\codeigniter4\framework\system\Commands\Server\rewrite.php(45): require_once('C:\\xampp\\htdocs...')
#8 {main}
CRITICAL - 2021-09-16 06:35:24 --> Invalid file: Layouts/home.php
#0 C:\xampp\htdocs\prakweblanjut\vendor\codeigniter4\framework\system\View\View.php(213): CodeIgniter\Exceptions\FrameworkException::forInvalidFile('Layouts/home.ph...')
#1 C:\xampp\htdocs\prakweblanjut\vendor\codeigniter4\framework\system\Common.php(1271): CodeIgniter\View\View->render('Layouts/home', Array, true)
#2 C:\xampp\htdocs\prakweblanjut\app\Controllers\PostController.php(13): view('Layouts/home')
#3 C:\xampp\htdocs\prakweblanjut\vendor\codeigniter4\framework\system\CodeIgniter.php(928): App\Controllers\PostController->index()
#4 C:\xampp\htdocs\prakweblanjut\vendor\codeigniter4\framework\system\CodeIgniter.php(436): CodeIgniter\CodeIgniter->runController(Object(App\Controllers\PostController))
#5 C:\xampp\htdocs\prakweblanjut\vendor\codeigniter4\framework\system\CodeIgniter.php(336): CodeIgniter\CodeIgniter->handleRequest(NULL, Object(Config\Cache), false)
#6 C:\xampp\htdocs\prakweblanjut\public\index.php(37): CodeIgniter\CodeIgniter->run()
#7 C:\xampp\htdocs\prakweblanjut\vendor\codeigniter4\framework\system\Commands\Server\rewrite.php(45): require_once('C:\\xampp\\htdocs...')
#8 {main}
CRITICAL - 2021-09-16 06:40:12 --> Invalid file: Layouts/home.php
#0 C:\xampp\htdocs\prakweblanjut\vendor\codeigniter4\framework\system\View\View.php(213): CodeIgniter\Exceptions\FrameworkException::forInvalidFile('Layouts/home.ph...')
#1 C:\xampp\htdocs\prakweblanjut\vendor\codeigniter4\framework\system\Common.php(1271): CodeIgniter\View\View->render('Layouts/home', Array, true)
#2 C:\xampp\htdocs\prakweblanjut\app\Controllers\PostController.php(13): view('Layouts/home')
#3 C:\xampp\htdocs\prakweblanjut\vendor\codeigniter4\framework\system\CodeIgniter.php(928): App\Controllers\PostController->index()
#4 C:\xampp\htdocs\prakweblanjut\vendor\codeigniter4\framework\system\CodeIgniter.php(436): CodeIgniter\CodeIgniter->runController(Object(App\Controllers\PostController))
#5 C:\xampp\htdocs\prakweblanjut\vendor\codeigniter4\framework\system\CodeIgniter.php(336): CodeIgniter\CodeIgniter->handleRequest(NULL, Object(Config\Cache), false)
#6 C:\xampp\htdocs\prakweblanjut\public\index.php(37): CodeIgniter\CodeIgniter->run()
#7 C:\xampp\htdocs\prakweblanjut\vendor\codeigniter4\framework\system\Commands\Server\rewrite.php(45): require_once('C:\\xampp\\htdocs...')
#8 {main}
CRITICAL - 2021-09-16 06:41:25 --> Invalid file: Layouts/home.php
#0 C:\xampp\htdocs\prakweblanjut\vendor\codeigniter4\framework\system\View\View.php(213): CodeIgniter\Exceptions\FrameworkException::forInvalidFile('Layouts/home.ph...')
#1 C:\xampp\htdocs\prakweblanjut\vendor\codeigniter4\framework\system\Common.php(1271): CodeIgniter\View\View->render('Layouts/home', Array, true)
#2 C:\xampp\htdocs\prakweblanjut\app\Controllers\PostController.php(13): view('Layouts/home')
#3 C:\xampp\htdocs\prakweblanjut\vendor\codeigniter4\framework\system\CodeIgniter.php(928): App\Controllers\PostController->index()
#4 C:\xampp\htdocs\prakweblanjut\vendor\codeigniter4\framework\system\CodeIgniter.php(436): CodeIgniter\CodeIgniter->runController(Object(App\Controllers\PostController))
#5 C:\xampp\htdocs\prakweblanjut\vendor\codeigniter4\framework\system\CodeIgniter.php(336): CodeIgniter\CodeIgniter->handleRequest(NULL, Object(Config\Cache), false)
#6 C:\xampp\htdocs\prakweblanjut\public\index.php(37): CodeIgniter\CodeIgniter->run()
#7 C:\xampp\htdocs\prakweblanjut\vendor\codeigniter4\framework\system\Commands\Server\rewrite.php(45): require_once('C:\\xampp\\htdocs...')
#8 {main}
CRITICAL - 2021-09-16 06:41:38 --> Invalid file: Layouts/home.php
#0 C:\xampp\htdocs\prakweblanjut\vendor\codeigniter4\framework\system\View\View.php(213): CodeIgniter\Exceptions\FrameworkException::forInvalidFile('Layouts/home.ph...')
#1 C:\xampp\htdocs\prakweblanjut\vendor\codeigniter4\framework\system\Common.php(1271): CodeIgniter\View\View->render('Layouts/home', Array, true)
#2 C:\xampp\htdocs\prakweblanjut\app\Controllers\PostController.php(13): view('Layouts/home')
#3 C:\xampp\htdocs\prakweblanjut\vendor\codeigniter4\framework\system\CodeIgniter.php(928): App\Controllers\PostController->index()
#4 C:\xampp\htdocs\prakweblanjut\vendor\codeigniter4\framework\system\CodeIgniter.php(436): CodeIgniter\CodeIgniter->runController(Object(App\Controllers\PostController))
#5 C:\xampp\htdocs\prakweblanjut\vendor\codeigniter4\framework\system\CodeIgniter.php(336): CodeIgniter\CodeIgniter->handleRequest(NULL, Object(Config\Cache), false)
#6 C:\xampp\htdocs\prakweblanjut\public\index.php(37): CodeIgniter\CodeIgniter->run()
#7 C:\xampp\htdocs\prakweblanjut\vendor\codeigniter4\framework\system\Commands\Server\rewrite.php(45): require_once('C:\\xampp\\htdocs...')
#8 {main}
CRITICAL - 2021-09-16 06:42:03 --> Invalid file: Layouts/v_home.php
#0 C:\xampp\htdocs\prakweblanjut\vendor\codeigniter4\framework\system\View\View.php(213): CodeIgniter\Exceptions\FrameworkException::forInvalidFile('Layouts/v_home....')
#1 C:\xampp\htdocs\prakweblanjut\vendor\codeigniter4\framework\system\Common.php(1271): CodeIgniter\View\View->render('Layouts/v_home', Array, true)
#2 C:\xampp\htdocs\prakweblanjut\app\Controllers\PostController.php(13): view('Layouts/v_home')
#3 C:\xampp\htdocs\prakweblanjut\vendor\codeigniter4\framework\system\CodeIgniter.php(928): App\Controllers\PostController->index()
#4 C:\xampp\htdocs\prakweblanjut\vendor\codeigniter4\framework\system\CodeIgniter.php(436): CodeIgniter\CodeIgniter->runController(Object(App\Controllers\PostController))
#5 C:\xampp\htdocs\prakweblanjut\vendor\codeigniter4\framework\system\CodeIgniter.php(336): CodeIgniter\CodeIgniter->handleRequest(NULL, Object(Config\Cache), false)
#6 C:\xampp\htdocs\prakweblanjut\public\index.php(37): CodeIgniter\CodeIgniter->run()
#7 C:\xampp\htdocs\prakweblanjut\vendor\codeigniter4\framework\system\Commands\Server\rewrite.php(45): require_once('C:\\xampp\\htdocs...')
#8 {main}
CRITICAL - 2021-09-16 07:08:10 --> Invalid file: v_post.php
#0 C:\xampp\htdocs\prakweblanjut\vendor\codeigniter4\framework\system\View\View.php(213): CodeIgniter\Exceptions\FrameworkException::forInvalidFile('v_post.php')
#1 C:\xampp\htdocs\prakweblanjut\vendor\codeigniter4\framework\system\Common.php(1271): CodeIgniter\View\View->render('v_post', Array, true)
#2 C:\xampp\htdocs\prakweblanjut\app\Controllers\PostController.php(16): view('v_post')
#3 C:\xampp\htdocs\prakweblanjut\vendor\codeigniter4\framework\system\CodeIgniter.php(928): App\Controllers\PostController->index()
#4 C:\xampp\htdocs\prakweblanjut\vendor\codeigniter4\framework\system\CodeIgniter.php(436): CodeIgniter\CodeIgniter->runController(Object(App\Controllers\PostController))
#5 C:\xampp\htdocs\prakweblanjut\vendor\codeigniter4\framework\system\CodeIgniter.php(336): CodeIgniter\CodeIgniter->handleRequest(NULL, Object(Config\Cache), false)
#6 C:\xampp\htdocs\prakweblanjut\public\index.php(37): CodeIgniter\CodeIgniter->run()
#7 C:\xampp\htdocs\prakweblanjut\vendor\codeigniter4\framework\system\Commands\Server\rewrite.php(45): require_once('C:\\xampp\\htdocs...')
#8 {main}
CRITICAL - 2021-09-16 07:08:15 --> Invalid file: v_post.php
#0 C:\xampp\htdocs\prakweblanjut\vendor\codeigniter4\framework\system\View\View.php(213): CodeIgniter\Exceptions\FrameworkException::forInvalidFile('v_post.php')
#1 C:\xampp\htdocs\prakweblanjut\vendor\codeigniter4\framework\system\Common.php(1271): CodeIgniter\View\View->render('v_post', Array, true)
#2 C:\xampp\htdocs\prakweblanjut\app\Controllers\PostController.php(16): view('v_post')
#3 C:\xampp\htdocs\prakweblanjut\vendor\codeigniter4\framework\system\CodeIgniter.php(928): App\Controllers\PostController->index()
#4 C:\xampp\htdocs\prakweblanjut\vendor\codeigniter4\framework\system\CodeIgniter.php(436): CodeIgniter\CodeIgniter->runController(Object(App\Controllers\PostController))
#5 C:\xampp\htdocs\prakweblanjut\vendor\codeigniter4\framework\system\CodeIgniter.php(336): CodeIgniter\CodeIgniter->handleRequest(NULL, Object(Config\Cache), false)
#6 C:\xampp\htdocs\prakweblanjut\public\index.php(37): CodeIgniter\CodeIgniter->run()
#7 C:\xampp\htdocs\prakweblanjut\vendor\codeigniter4\framework\system\Commands\Server\rewrite.php(45): require_once('C:\\xampp\\htdocs...')
#8 {main}
